Arguments: 
  F:\Program Files\nodejs\node.exe C:\Users\13910\AppData\Roaming\npm\node_modules\yarn\bin\yarn.js start

PATH: 
  C:\Program Files (x86)\Common Files\Intel\Shared Libraries\redist\intel64\compiler;C:\WINDOWS\system32;C:\WINDOWS;C:\WINDOWS\System32\Wbem;C:\WINDOWS\System32\WindowsPowerShell\v1.0\;C:\Program Files\Git\cmd;C:\Program Files\TortoiseSVN\bin;C:\Program Files (x86)\MySQL\MySQL Fabric 1.5 & MySQL Utilities 1.5\;C:\Program Files (x86)\MySQL\MySQL Fabric 1.5 & MySQL Utilities 1.5\Doctrine extensions for PHP\;F:\xuchang2018\tools\Microsoft VS Code\bin;C:\WINDOWS\System32\OpenSSH\;F:\Program Files\Dart\dart-sdk\bin;F:\Program Files\Dart;F:\flutter\flutter_windows_v1.7.1-dev\flutter\bin;F:\Program Files\nodejs\;C:\Ruby25-x64\bin;C:\Users\13910\AppData\Local\Microsoft\WindowsApps;F:\install\Microsoft VS Code\bin;F:\mysql\MySQL Server 5.5\bin;F:\xuchang2018\tools\Microsoft VS Code\bin;F:\Anaconda3;F:\Anaconda3\Scripts;F:\Program Files\nodejs;F:\Program Files (x86)\Egret\Egret Wing 3\bin;C:\Users\13910\AppData\Roaming\npm

Yarn version: 
  1.5.1

Node version: 
  10.16.0

Platform: 
  win32 x64

npm manifest: 
  No manifest

yarn manifest: 
  No manifest

Lockfile: 
  No lockfile

Trace: 
  Error: Couldn't find a package.json file in "F:\\xuchang2019\\project\\toutiao"
      at new MessageError (C:\Users\13910\AppData\Roaming\npm\node_modules\yarn\lib\cli.js:186:110)
      at C:\Users\13910\AppData\Roaming\npm\node_modules\yarn\lib\cli.js:40048:15
      at Generator.next (<anonymous>)
      at step (C:\Users\13910\AppData\Roaming\npm\node_modules\yarn\lib\cli.js:98:30)
      at C:\Users\13910\AppData\Roaming\npm\node_modules\yarn\lib\cli.js:109:13
